#
# A fatal error has been detected by the Java Runtime Environment:
#
#  EXCEPTION_ACCESS_VIOLATION (0xc0000005) at pc=0x00007ffd7dd53758, pid=21992, tid=9432
#
# JRE version: OpenJDK Runtime Environment (21.0+35) (build 21+35-2513)
# Java VM: OpenJDK 64-Bit Server VM (21+35-2513, mixed mode, emulated-client, sharing, tiered, compressed oops, compressed class ptrs, g1 gc, windows-amd64)
# Problematic frame:
# C  [net.dll+0x3758]
#
# No core dump will be written. Minidumps are not enabled by default on client versions of Windows
#
# If you would like to submit a bug report, please visit:
#   https://bugreport.java.com/bugreport/crash.jsp
# The crash happened outside the Java Virtual Machine in native code.
# See problematic frame for where to report the bug.
#

---------------  S U M M A R Y ------------

Command Line: -XX:TieredStopAtLevel=1 com.example.employee.EmployeeApplication

Host: Intel(R) Core(TM) i5-8265U CPU @ 1.60GHz, 8 cores, 7G,  Windows 10 , 64 bit Build 19041 (10.0.19041.5198)
Time: Mon Dec 23 04:17:27 2024 SE Asia Standard Time elapsed time: 725.761392 seconds (0d 0h 12m 5s)

---------------  T H R E A D  ---------------

Current thread (0x0000017276503f10):  JavaThread "tomcat-shutdown"        [_thread_in_native, id=9432, stack(0x0000002889800000,0x0000002889900000) (1024K)]

Stack: [0x0000002889800000,0x0000002889900000],  sp=0x00000028898ff058,  free space=1020k
Native frames: (J=compiled Java code, j=interpreted, Vv=VM code, C=native code)
C  [net.dll+0x3758]

Java frames: (J=compiled Java code, j=interpreted, Vv=VM code)
j  java.net.NetworkInterface.getAll()[Ljava/net/NetworkInterface;+0 java.base@21
j  java.net.NetworkInterface.getNetworkInterfaces()Ljava/util/Enumeration;+0 java.base@21
j  org.apache.tomcat.util.net.AbstractEndpoint.getUnlockAddress(Ljava/net/InetSocketAddress;)Ljava/net/InetSocketAddress;+14
j  org.apache.tomcat.util.net.AbstractEndpoint.unlockAccept()V+99
j  org.apache.tomcat.util.net.NioEndpoint.unlockAccept()V+8
j  org.apache.tomcat.util.net.AbstractEndpoint.pause()V+24
j  org.apache.coyote.AbstractProtocol.pause()V+45
j  org.apache.catalina.connector.Connector.pause()V+11
j  org.springframework.boot.web.embedded.tomcat.GracefulShutdown.close(Lorg/apache/catalina/connector/Connector;)V+1
j  org.springframework.boot.web.embedded.tomcat.GracefulShutdown$$Lambda+0x0000017230928220.accept(Ljava/lang/Object;)V+8
J 4666 c1 java.util.ArrayList.forEach(Ljava/util/function/Consumer;)V java.base@21 (74 bytes) @ 0x0000017226b4d214 [0x0000017226b4d160+0x00000000000000b4]
j  org.springframework.boot.web.embedded.tomcat.GracefulShutdown.doShutdown(Lorg/springframework/boot/web/server/GracefulShutdownCallback;Ljava/util/concurrent/CountDownLatch;)V+12
j  org.springframework.boot.web.embedded.tomcat.GracefulShutdown.lambda$shutDownGracefully$0(Lorg/springframework/boot/web/server/GracefulShutdownCallback;Ljava/util/concurrent/CountDownLatch;)V+3
j  org.springframework.boot.web.embedded.tomcat.GracefulShutdown$$Lambda+0x0000017230928000.run()V+12
j  java.lang.Thread.runWith(Ljava/lang/Object;Ljava/lang/Runnable;)V+5 java.base@21
j  java.lang.Thread.run()V+19 java.base@21
v  ~StubRoutines::call_stub 0x000001722616100d

siginfo: EXCEPTION_ACCESS_VIOLATION (0xc0000005), reading address 0xffffffffffffffff


Registers:
RAX=0x00007ffd7dd53758, RBX=0x000001722f21a5b8, RCX=0x00000172765042c8, RDX=0x00000028898ff0e0
RSP=0x00000028898ff058, RBP=0x00000028898ff0d0, RSI=0x0000000000000000, RDI=0x0000000000000001
R8 =0x0000000000000004, R9 =0x0000000000000004, R10=0x000001722616c863, R11=0x00000000832f5f20
R12=0x0000000000000000, R13=0x000001722f909270, R14=0x00000028898ff0e8, R15=0x0000017276503f10
RIP=0x00007ffd7dd53758, EFLAGS=0x0000000000010202


Register to memory mapping:

RAX=0x00007ffd7dd53758 net.dll
RBX={method} {0x000001722f21a5c0} 'getAll' '()[Ljava/net/NetworkInterface;' in 'java/net/NetworkInterface'
RCX=0x00000172765042c8 points into unknown readable memory: 0x00007ffd01f2a600 | 00 a6 f2 01 fd 7f 00 00
RDX=0x00000028898ff0e0 is pointing into the stack for thread: 0x0000017276503f10
RSP=0x00000028898ff058 is pointing into the stack for thread: 0x0000017276503f10
RBP=0x00000028898ff0d0 is pointing into the stack for thread: 0x0000017276503f10
RSI=0x0 is null
RDI=0x0000000000000001 is an unknown value
R8 =0x0000000000000004 is an unknown value
R9 =0x0000000000000004 is an unknown value
R10=0x000001722616c863 is at code_begin+963 in an Interpreter codelet
native method entry point (kind = native)  [0x000001722616c4a0, 0x000001722616cf88]  2792 bytes
R11=0x00000000832f5f20 is an oop: java.lang.Class 
{0x00000000832f5f20} - klass: 'java/lang/Class'
 - ---- fields (total size 15 words):
 - private volatile transient 'classRedefinedCount' 'I' @12  0 (0x00000000)
 - injected 'klass' 'J' @16  1589928628696 (0x000001722f2191d8)
 - injected 'array_klass' 'J' @24  1589946664600 (0x000001723034c698)
 - injected 'oop_size' 'I' @32  15 (0x0000000f)
 - injected 'static_oop_field_count' 'I' @36  1 (0x00000001)
 - private volatile transient 'cachedConstructor' 'Ljava/lang/reflect/Constructor;' @40  null (0x00000000)
 - private transient 'name' 'Ljava/lang/String;' @44  null (0x00000000)
 - private transient 'module' 'Ljava/lang/Module;' @48  a 'java/lang/Module'{0x00000000828bb518} (0x828bb518)
 - private final 'classLoader' 'Ljava/lang/ClassLoader;' @52  null (0x00000000)
 - private transient 'classData' 'Ljava/lang/Object;' @56  null (0x00000000)
 - private transient 'packageName' 'Ljava/lang/String;' @60  null (0x00000000)
 - private final 'componentType' 'Ljava/lang/Class;' @64  null (0x00000000)
 - private volatile transient 'reflectionData' 'Ljava/lang/ref/SoftReference;' @68  null (0x00000000)
 - private volatile transient 'genericInfo' 'Lsun/reflect/generics/repository/ClassRepository;' @72  null (0x00000000)
 - private volatile transient 'enumConstants' '[Ljava/lang/Object;' @76  null (0x00000000)
 - private volatile transient 'enumConstantDirectory' 'Ljava/util/Map;' @80  null (0x00000000)
 - private volatile transient 'annotationData' 'Ljava/lang/Class$AnnotationData;' @84  null (0x00000000)
 - private volatile transient 'annotationType' 'Lsun/reflect/annotation/AnnotationType;' @88  null (0x00000000)
 - transient 'classValueMap' 'Ljava/lang/ClassValue$ClassValueMap;' @92  null (0x00000000)
 - injected 'protection_domain' 'Ljava/lang/Object;' @96  null (0x00000000)
 - injected 'signers_name' 'Ljava/lang/Object;' @100  null (0x00000000)
 - injected 'source_file' 'Ljava/lang/Object;' @104  null (0x00000000)
 - signature: Ljava/net/NetworkInterface;
 - ---- static fields (1):
 - private static final 'defaultInterface' 'Ljava/net/NetworkInterface;' @112  null (0x00000000)
R12=0x0 is null
R13=0x000001722f909270 is pointing into metadata
R14=0x00000028898ff0e8 is pointing into the stack for thread: 0x0000017276503f10
R15=0x0000017276503f10 is a thread

Top of Stack: (sp=0x00000028898ff058)
0x00000028898ff058:   000001722616c892 0000000000000000
0x00000028898ff068:   00007ffd019ee099 00000000844dc638
0x00000028898ff078:   0000000000000001 00000028898ff080
0x00000028898ff088:   00000028898ff088 0000000000000000
0x00000028898ff098:   0000000000000003 000001722f219590
0x00000028898ff0a8:   0000000000000000 00000000832f5f20
0x00000028898ff0b8:   000001722f21a5b8 0000000000000000
0x00000028898ff0c8:   00000028898ff0f0 00000028898ff138
0x00000028898ff0d8:   00000172261688a4 00000000832f5f20
0x00000028898ff0e8:   000001722616a05a 00000028898ff0f0
0x00000028898ff0f8:   000001722f908ec8 0000000000000002
0x00000028898ff108:   000001722f219590 0000000000000000
0x00000028898ff118:   00000000832f5f20 000001722f21a2c8
0x00000028898ff128:   00000028898ff0f0 00000028898ff150
0x00000028898ff138:   00000028898ff198 00000172261688a4
0x00000028898ff148:   0000000000000000 00000028898ff150
0x00000028898ff158:   00000172714819ee 0000000000000008
0x00000028898ff168:   0000017271489f58 0000000000000000
0x00000028898ff178:   0000000083430fd8 0000017271481b28
0x00000028898ff188:   00000028898ff150 00000028898ff1d8
0x00000028898ff198:   00000028898ff228 00000172261688a4
0x00000028898ff1a8:   0000000000000000 0000000000000000
0x00000028898ff1b8:   0000000000000000 0000000000000000
0x00000028898ff1c8:   0000000000000000 0000000000000000
0x00000028898ff1d8:   00000000844dc5b8 00000028898ff1e0
0x00000028898ff1e8:   0000017271481763 0000000000000007
0x00000028898ff1f8:   0000017271489f58 0000000000000000
0x00000028898ff208:   0000000083430fd8 00000172714818f8
0x00000028898ff218:   00000028898ff1d8 00000028898ff260
0x00000028898ff228:   00000028898ff2b0 0000017226168732
0x00000028898ff238:   0000000000000000 0000000000000000
0x00000028898ff248:   0000000000000000 00000000844dc5b8 

Instructions: (pc=0x00007ffd7dd53758)
0x00007ffd7dd53658:   ad 48 42 a3 ae b1 05 df de da 64 5c 81 28 13 65
0x00007ffd7dd53668:   0b 6f 1f 49 78 a2 3e 33 b4 01 36 42 53 25 cc d8
0x00007ffd7dd53678:   e1 93 28 7f 0a 9c db 66 12 24 c3 68 fd 17 e9 0c
0x00007ffd7dd53688:   bf b6 e5 65 d4 8e f4 da e8 48 9c 1e 8f 01 82 60
0x00007ffd7dd53698:   15 dd b6 0b 66 7b 90 0e 46 6f a9 04 59 f2 bf d4
0x00007ffd7dd536a8:   f3 01 40 30 30 75 4d 62 1c 92 7a 2d eb ec 58 08
0x00007ffd7dd536b8:   49 24 1d 26 c2 67 66 d6 fa b6 37 d3 b4 de 75 7c
0x00007ffd7dd536c8:   27 4b 2e cc 6f 50 03 0a 50 dd c0 f9 46 cb 2e d0
0x00007ffd7dd536d8:   fd 6f fb f2 39 42 3c 7e 2e 00 92 ef 10 c5 cb 07
0x00007ffd7dd536e8:   5b 92 b4 98 cb 3c d9 ad 84 24 af 95 a2 b7 e4 7b
0x00007ffd7dd536f8:   31 b9 41 81 95 2e f2 01 62 4b 78 ba 4c a0 81 af
0x00007ffd7dd53708:   8f dd 12 b7 27 1b af 75 38 6e 35 a0 1e 92 ba 03
0x00007ffd7dd53718:   65 00 2c 5d f1 15 48 a9 96 92 c6 56 a8 8c 57 77
0x00007ffd7dd53728:   c3 24 f9 43 83 07 65 1d 6c b9 93 7c 7a 79 73 ab
0x00007ffd7dd53738:   99 4b 8a 69 2d f0 1e 71 ca dd ac 62 04 6b 2c 1f
0x00007ffd7dd53748:   77 6e 47 1e ff e2 3b a5 a0 00 7e 0b d6 65 c9 72
0x00007ffd7dd53758:   cd 92 10 04 89 dc d4 18 7e 27 0b 31 60 56 e2 a6
0x00007ffd7dd53768:   ab b9 2d 2a 5b c9 f1 4c d4 4b c4 27 32 40 9f 1a
0x00007ffd7dd53778:   01 dc fe d0 e4 bb aa a0 b2 6e 91 cd df 32 b8 4e
0x00007ffd7dd53788:   df 00 88 c6 b6 b5 47 14 08 95 a2 f3 69 2f 55 a2
0x00007ffd7dd53798:   b5 27 45 ef 40 a6 60 48 e6 b9 7f 98 3b 19 0e 16
0x00007ffd7dd537a8:   13 4a 16 95 12 90 1d bc bc dc 08 8e c5 0b 2b 4a
0x00007ffd7dd537b8:   e9 6e 23 bb bc 82 36 10 1a 03 da b4 97 05 c4 b9
0x00007ffd7dd537c8:   47 95 fc a1 4e 7f d2 47 f0 27 97 5a 21 f6 e1 ed
0x00007ffd7dd537d8:   1d b8 89 57 18 69 8f bb 4e 4a a0 40 f3 e0 9a 41
0x00007ffd7dd537e8:   fb dc 5a 7c aa 5b a8 ef 24 71 7d 69 9d d2 b7 b5
0x00007ffd7dd537f8:   51 03 14 62 74 54 45 43 24 1a 9c 92 6d 85 ce 6d
0x00007ffd7dd53808:   6f 93 4c d2 44 fc dc 3b 98 25 67 cf 3f 77 ea c1
0x00007ffd7dd53818:   c5 b7 19 f8 16 ee f9 6f 76 48 30 f5 c9 61 87 35
0x00007ffd7dd53828:   a3 da 2a ee a0 d8 92 c3 cc 6c cd 9b 9b 53 a0 69
0x00007ffd7dd53838:   79 01 e4 94 72 d5 4f 37 aa 93 9e 81 25 4c 5d dd
0x00007ffd7dd53848:   d7 25 b1 ba 1c c7 68 6b 00 b6 ab b7 f7 3e 76 31 


Stack slot to memory mapping:

stack at sp + 0 slots: 0x000001722616c892 is at code_begin+1010 in an Interpreter codelet
native method entry point (kind = native)  [0x000001722616c4a0, 0x000001722616cf88]  2792 bytes
stack at sp + 1 slots: 0x0 is null
stack at sp + 2 slots: 0x00007ffd019ee099 jvm.dll
stack at sp + 3 slots: 0x00000000844dc638 is an oop: [B 
{0x00000000844dc638} - klass: {type array byte}
 - length: 16
stack at sp + 4 slots: 0x0000000000000001 is an unknown value
stack at sp + 5 slots: 0x00000028898ff080 is pointing into the stack for thread: 0x0000017276503f10
stack at sp + 6 slots: 0x00000028898ff088 is pointing into the stack for thread: 0x0000017276503f10
stack at sp + 7 slots: 0x0 is null


Compiled method (c1)  726171 4666       1       java.util.ArrayList::forEach (74 bytes)
 total in heap  [0x0000017226b4cf90,0x0000017226b4d5b0] = 1568
 relocation     [0x0000017226b4d0f0,0x0000017226b4d158] = 104
 main code      [0x0000017226b4d160,0x0000017226b4d3d8] = 632
 stub code      [0x0000017226b4d3d8,0x0000017226b4d440] = 104
 metadata       [0x0000017226b4d440,0x0000017226b4d450] = 16
 scopes data    [0x0000017226b4d450,0x0000017226b4d4e0] = 144
 scopes pcs     [0x0000017226b4d4e0,0x0000017226b4d590] = 176
 dependencies   [0x0000017226b4d590,0x0000017226b4d598] = 8
 nul chk table  [0x0000017226b4d598,0x0000017226b4d5b0] = 24

[Constant Pool (empty)]

[MachCode]
[Entry Point]
  # {method} {0x000001722f0bc940} 'forEach' '(Ljava/util/function/Consumer;)V' in 'java/util/ArrayList'
  # this:     rdx:rdx   = 'java/util/ArrayList'
  # parm0:    r8:r8     = 'java/util/function/Consumer'
  #           [sp+0x90]  (sp of caller)
  0x0000017226b4d160: 448b 5208 | 49bb 0000 | 002f 7201 | 0000 4d03 | d34c 3bd0 

  0x0000017226b4d174: ;   {runtime_call ic_miss_stub}
  0x0000017226b4d174: 0f85 0616 | 66ff 660f | 1f44 0000 
[Verified Entry Point]
  0x0000017226b4d180: 8984 2400 | 80ff ff55 | 4881 ec80 | 0000 0090 | 4181 7f20 | 0700 0000 

  0x0000017226b4d198: ;   {runtime_call StubRoutines (final stubs)}
  0x0000017226b4d198: 7405 e8c1 | 7b64 ff48 | 8954 2440 | 4c89 4424 | 4849 83f8 | 000f 843b | 0100 008b | 720c 8974 
  0x0000017226b4d1b8: 243c 8b7a | 1448 897c | 2458 8b5a | 1089 5c24 | 508b 470c | b9ff ffff | ff03 cb3b | c80f 8d98 
  0x0000017226b4d1d8: 0100 00b8 | 0000 0000 | e95e 0000 | 0066 6690 | 3bc3 0f8d | 5a00 0000 | 4863 c88b | 4c8f 104d 
  0x0000017226b4d1f8: 8bc8 4c8b | c149 8bd1 | 8944 2438 | 9048 b8d0 | 7f3d 7672 

  0x0000017226b4d20c: ;   {virtual_call}
  0x0000017226b4d20c: 0100 00e8 

  0x0000017226b4d210: ; ImmutableOopMap {[64]=Oop [72]=Oop [88]=Oop }
                      ;*invokeinterface accept {reexecute=0 rethrow=0 return_oop=0}
                      ; - java.util.ArrayList::forEach@46 (line 1596)
  0x0000017226b4d210: 7c13 72ff 

  0x0000017226b4d214: ;   {other}
  0x0000017226b4d214: 0f1f 8400 | 8402 0000 | 8b44 2438 | ffc0 4d8b | 9758 0400 

  0x0000017226b4d228: ; ImmutableOopMap {[64]=Oop [72]=Oop [88]=Oop }
                      ;*goto {reexecute=1 rethrow=0 return_oop=0}
                      ; - (reexecute) java.util.ArrayList::forEach@54 (line 1595)
                      ;   {poll}
  0x0000017226b4d228: 0041 8502 | 8b5c 2450 | 488b 7c24 | 588b 7424 | 3c4c 8b44 | 2448 488b | 5424 408b | 4a0c 3bce 
  0x0000017226b4d248: 749e 3bce | 0f85 1600 | 0000 4881 | c480 0000 

  0x0000017226b4d258: ;   {poll_return}
  0x0000017226b4d258: 005d 493b | a750 0400 | 000f 8711 | 0100 00c3 

  0x0000017226b4d268: ;   {metadata('java/util/ConcurrentModificationException')}
  0x0000017226b4d268: 48ba 80ea | 0730 7201 | 0000 80ba | 2001 0000 | 050f 8514 | 0100 0049 | 8b87 b801 | 0000 488d 
  0x0000017226b4d288: 7828 493b | bfc8 0100 | 000f 87fc | 0000 0049 | 89bf b801 | 0000 48c7 | 0001 0000 | 0048 8bca 
  0x0000017226b4d2a8: 49ba 0000 | 002f 7201 | 0000 492b | ca89 4808 | 4833 c989 | 480c 4833 | c948 8948 | 1048 8948 
  0x0000017226b4d2c8: 1848 8948 | 2048 8bd0 | 4889 4424 

  0x0000017226b4d2d4: ;   {optimized virtual_call}
  0x0000017226b4d2d4: 6066 90e8 

  0x0000017226b4d2d8: ; ImmutableOopMap {[96]=Oop }
                      ;*invokespecial <init> {reexecute=0 rethrow=0 return_oop=0}
                      ; - java.util.ArrayList::forEach@69 (line 1598)
  0x0000017226b4d2d8: a417 66ff 

  0x0000017226b4d2dc: ;   {other}
  0x0000017226b4d2dc: 0f1f 8400 | 4c03 0002 | 488b 4424 | 60e9 d900 

  0x0000017226b4d2ec: ;   {metadata('java/lang/NullPointerException')}
  0x0000017226b4d2ec: 0000 48ba | 88d8 062f | 7201 0000 | 498b 87b8 | 0100 0048 | 8d78 3049 | 3bbf c801 | 0000 0f87 
  0x0000017226b4d30c: 9000 0000 | 4989 bfb8 | 0100 0048 | c700 0100 | 0000 488b | ca49 ba00 | 0000 2f72 | 0100 0049 
  0x0000017226b4d32c: 2bca 8948 | 0848 33c9 | 8948 0c48 | 33c9 4889 | 4810 4889 | 4818 4889 | 4820 4889 | 4828 488b 
  0x0000017226b4d34c: d048 8944 | 2468 0f1f 

  0x0000017226b4d354: ;   {optimized virtual_call}
  0x0000017226b4d354: 4400 00e8 

  0x0000017226b4d358: ; ImmutableOopMap {[64]=Oop [72]=Oop [104]=Oop }
                      ;*invokespecial <init> {reexecute=0 rethrow=0 return_oop=0}
                      ; - java.util.Objects::requireNonNull@8 (line 233)
                      ; - java.util.ArrayList::forEach@1 (line 1591)
  0x0000017226b4d358: 2417 66ff 

  0x0000017226b4d35c: ;   {other}
  0x0000017226b4d35c: 0f1f 8400 | cc03 0003 | 488b 4424 | 68e9 5900 

  0x0000017226b4d36c: ;   {runtime_call predicate_failed_trap Runtime1 stub}
  0x0000017226b4d36c: 0000 e88d 

  0x0000017226b4d370: ; ImmutableOopMap {rdx=Oop r8=Oop rdi=Oop [64]=Oop [72]=Oop [88]=Oop }
                      ;*aload_0 {reexecute=0 rethrow=0 return_oop=0}
                      ; - java.util.ArrayList::forEach@24 (line 1595)
                      ;   {runtime_call predicate_failed_trap Runtime1 stub}
  0x0000017226b4d370: cc71 ffe8 

  0x0000017226b4d374: ; ImmutableOopMap {rdx=Oop r8=Oop rdi=Oop [64]=Oop [72]=Oop [88]=Oop }
                      ;*aload_0 {reexecute=0 rethrow=0 return_oop=0}
                      ; - java.util.ArrayList::forEach@24 (line 1595)
  0x0000017226b4d374: 88cc 71ff 

  0x0000017226b4d378: ;   {internal_word}
  0x0000017226b4d378: 49ba 5ad2 | b426 7201 | 0000 4d89 | 9768 0400 

  0x0000017226b4d388: ;   {runtime_call SafepointBlob}
  0x0000017226b4d388: 00e9 7283 

  0x0000017226b4d38c: ;   {runtime_call throw_null_pointer_exception Runtime1 stub}
  0x0000017226b4d38c: 66ff e8ed 

  0x0000017226b4d390: ; ImmutableOopMap {}
                      ;*new {reexecute=0 rethrow=0 return_oop=0}
                      ; - java.util.ArrayList::forEach@65 (line 1598)
  0x0000017226b4d390: 6971 ff48 

  0x0000017226b4d394: ;   {runtime_call fast_new_instance_init_check Runtime1 stub}
  0x0000017226b4d394: 8bd2 e865 

  0x0000017226b4d398: ; ImmutableOopMap {}
                      ;*new {reexecute=0 rethrow=0 return_oop=0}
                      ; - java.util.ArrayList::forEach@65 (line 1598)
  0x0000017226b4d398: 7a71 ffe9 | 2dff ffff 

  0x0000017226b4d3a0: ;   {runtime_call fast_new_instance Runtime1 stub}
  0x0000017226b4d3a0: 488b d2e8 

  0x0000017226b4d3a4: ; ImmutableOopMap {[64]=Oop [72]=Oop }
                      ;*new {reexecute=0 rethrow=0 return_oop=0}
                      ; - java.util.Objects::requireNonNull@4 (line 233)
                      ; - java.util.ArrayList::forEach@1 (line 1591)
  0x0000017226b4d3a4: d872 71ff | eba0 498b | 8700 0500 | 0049 c787 | 0005 0000 | 0000 0000 | 49c7 8708 | 0500 0000 
  0x0000017226b4d3c4: 0000 0048 | 81c4 8000 

  0x0000017226b4d3cc: ;   {runtime_call unwind_exception Runtime1 stub}
  0x0000017226b4d3cc: 0000 5de9 | ac47 71ff | f4f4 f4f4 
[Stub Code]
  0x0000017226b4d3d8: ;   {no_reloc}
  0x0000017226b4d3d8: 0f1f 4400 

  0x0000017226b4d3dc: ;   {static_stub}
  0x0000017226b4d3dc: 0048 bb00 | 0000 0000 

  0x0000017226b4d3e4: ;   {runtime_call}
  0x0000017226b4d3e4: 0000 00e9 | fbff ffff 

  0x0000017226b4d3ec: ;   {static_stub}
  0x0000017226b4d3ec: 9048 bb00 | 0000 0000 

  0x0000017226b4d3f4: ;   {runtime_call}
  0x0000017226b4d3f4: 0000 00e9 | fbff ffff 

  0x0000017226b4d3fc: ;   {static_stub}
  0x0000017226b4d3fc: 48bb 0000 | 0000 0000 

  0x0000017226b4d404: ;   {runtime_call}
  0x0000017226b4d404: 0000 e9fb 

  0x0000017226b4d408: ;   {runtime_call handle_exception_from_callee Runtime1 stub}
  0x0000017226b4d408: ffff ffe8 | f08b 71ff 

  0x0000017226b4d410: ;   {external_word}
  0x0000017226b4d410: 48b9 c017 | d101 fd7f | 0000 4883 

  0x0000017226b4d41c: ;   {runtime_call}
  0x0000017226b4d41c: e4f0 48b8 | e00c 9901 | fd7f 0000 

  0x0000017226b4d428: ;   {section_word}
  0x0000017226b4d428: ffd0 f449 | ba2b d4b4 | 2672 0100 

  0x0000017226b4d434: ;   {runtime_call DeoptimizationBlob}
  0x0000017226b4d434: 0041 52e9 | 6475 66ff | f4f4 f4f4 
[/MachCode]


---------------  P R O C E S S  ---------------

Threads class SMR info:
_java_thread_list=0x00000172765d2820, length=30, elements={
0x000001722e518fc0, 0x000001722e519ee0, 0x000001722e51f170, 0x000001722e525120,
0x000001722e526320, 0x000001722e5235f0, 0x000001722e527520, 0x000001722e77a4e0,
0x000001722e77d370, 0x00000172749af9d0, 0x00000172749b0040, 0x000001722e4dc210,
0x000001722e4dc880, 0x0000017275715840, 0x00000172761cec80, 0x0000017276481b10,
0x00000172764ef430, 0x00000172764ee080, 0x00000172764f07e0, 0x00000172764f1500,
0x00000172764ee710, 0x00000172764f0150, 0x00000172764efac0, 0x00000172764eeda0,
0x00000172764f0e70, 0x00000172765031f0, 0x00000172765024d0, 0x0000017276503880,
0x00000172765052c0, 0x0000017276503f10
}

Java Threads: ( => current thread )
  0x000001722e518fc0 JavaThread "Reference Handler"          daemon [_thread_blocked, id=21516, stack(0x000000288a100000,0x000000288a200000) (1024K)]
  0x000001722e519ee0 JavaThread "Finalizer"                  daemon [_thread_blocked, id=18916, stack(0x000000288a200000,0x000000288a300000) (1024K)]
  0x000001722e51f170 JavaThread "Signal Dispatcher"          daemon [_thread_blocked, id=20228, stack(0x000000288a300000,0x000000288a400000) (1024K)]
  0x000001722e525120 JavaThread "Attach Listener"            daemon [_thread_blocked, id=20012, stack(0x000000288a400000,0x000000288a500000) (1024K)]
  0x000001722e526320 JavaThread "Service Thread"             daemon [_thread_blocked, id=5552, stack(0x000000288a500000,0x000000288a600000) (1024K)]
  0x000001722e5235f0 JavaThread "Monitor Deflation Thread"   daemon [_thread_blocked, id=7788, stack(0x000000288a600000,0x000000288a700000) (1024K)]
  0x000001722e527520 JavaThread "C1 CompilerThread0"         daemon [_thread_blocked, id=14996, stack(0x000000288a700000,0x000000288a800000) (1024K)]
  0x000001722e77a4e0 JavaThread "Notification Thread"        daemon [_thread_blocked, id=4424, stack(0x000000288ab00000,0x000000288ac00000) (1024K)]
  0x000001722e77d370 JavaThread "Common-Cleaner"             daemon [_thread_blocked, id=19744, stack(0x000000288ac00000,0x000000288ad00000) (1024K)]
  0x00000172749af9d0 JavaThread "Catalina-utility-1"                [_thread_blocked, id=20848, stack(0x000000288b500000,0x000000288b600000) (1024K)]
  0x00000172749b0040 JavaThread "Catalina-utility-2"                [_thread_blocked, id=15824, stack(0x000000288b600000,0x000000288b700000) (1024K)]
  0x000001722e4dc210 JavaThread "container-0"                       [_thread_blocked, id=15128, stack(0x000000288b700000,0x000000288b800000) (1024K)]
  0x000001722e4dc880 JavaThread "mysql-cj-abandoned-connection-cleanup" daemon [_thread_blocked, id=16320, stack(0x000000288b800000,0x000000288b900000) (1024K)]
  0x0000017275715840 JavaThread "HikariPool-1 housekeeper"   daemon [_thread_blocked, id=13332, stack(0x000000288ba00000,0x000000288bb00000) (1024K)]
  0x00000172761cec80 JavaThread "http-nio-8001-exec-1"       daemon [_thread_blocked, id=19272, stack(0x000000288bc00000,0x000000288bd00000) (1024K)]
  0x0000017276481b10 JavaThread "http-nio-8001-exec-2"       daemon [_thread_blocked, id=6292, stack(0x000000288bd00000,0x000000288be00000) (1024K)]
  0x00000172764ef430 JavaThread "http-nio-8001-exec-3"       daemon [_thread_blocked, id=18676, stack(0x000000288be00000,0x000000288bf00000) (1024K)]
  0x00000172764ee080 JavaThread "http-nio-8001-exec-4"       daemon [_thread_blocked, id=4460, stack(0x000000288bf00000,0x000000288c000000) (1024K)]
  0x00000172764f07e0 JavaThread "http-nio-8001-exec-5"       daemon [_thread_blocked, id=20900, stack(0x000000288c000000,0x000000288c100000) (1024K)]
  0x00000172764f1500 JavaThread "http-nio-8001-exec-6"       daemon [_thread_blocked, id=13280, stack(0x000000288c100000,0x000000288c200000) (1024K)]
  0x00000172764ee710 JavaThread "http-nio-8001-exec-7"       daemon [_thread_blocked, id=19560, stack(0x000000288c200000,0x000000288c300000) (1024K)]
  0x00000172764f0150 JavaThread "http-nio-8001-exec-8"       daemon [_thread_blocked, id=2380, stack(0x000000288c300000,0x000000288c400000) (1024K)]
  0x00000172764efac0 JavaThread "http-nio-8001-exec-9"       daemon [_thread_blocked, id=7000, stack(0x000000288c400000,0x000000288c500000) (1024K)]
  0x00000172764eeda0 JavaThread "http-nio-8001-exec-10"      daemon [_thread_blocked, id=12180, stack(0x000000288c500000,0x000000288c600000) (1024K)]
  0x00000172764f0e70 JavaThread "http-nio-8001-Poller"       daemon [_thread_in_native, id=9472, stack(0x000000288c600000,0x000000288c700000) (1024K)]
  0x00000172765031f0 JavaThread "http-nio-8001-Acceptor"     daemon [_thread_in_native, id=17624, stack(0x000000288c700000,0x000000288c800000) (1024K)]
  0x00000172765024d0 JavaThread "DestroyJavaVM"                     [_thread_blocked, id=12932, stack(0x0000002889900000,0x0000002889a00000) (1024K)]
  0x0000017276503880 JavaThread "SIGINT handler"             daemon [_thread_blocked, id=10696, stack(0x0000002889600000,0x0000002889700000) (1024K)]
  0x00000172765052c0 JavaThread "SpringApplicationShutdownHook"        [_thread_blocked, id=14932, stack(0x0000002889700000,0x0000002889800000) (1024K)]
=>0x0000017276503f10 JavaThread "tomcat-shutdown"                   [_thread_in_native, id=9432, stack(0x0000002889800000,0x0000002889900000) (1024K)]
Total: 30

Other Threads:
  0x000001722e4f98f0 VMThread "VM Thread"                           [id=17132, stack(0x000000288a000000,0x000000288a100000) (1024K)]
  0x000001722e4df450 WatcherThread "VM Periodic Task Thread"        [id=8324, stack(0x0000002889f00000,0x000000288a000000) (1024K)]
  0x000001721dd6cae0 WorkerThread "GC Thread#0"                     [id=8728, stack(0x0000002889a00000,0x0000002889b00000) (1024K)]
  0x000001727457a820 WorkerThread "GC Thread#1"                     [id=4664, stack(0x000000288ad00000,0x000000288ae00000) (1024K)]
  0x000001727457abc0 WorkerThread "GC Thread#2"                     [id=17688, stack(0x000000288ae00000,0x000000288af00000) (1024K)]
  0x00000172745cac50 WorkerThread "GC Thread#3"                     [id=284, stack(0x000000288af00000,0x000000288b000000) (1024K)]
  0x00000172745caff0 WorkerThread "GC Thread#4"                     [id=21420, stack(0x000000288b000000,0x000000288b100000) (1024K)]
  0x00000172745cb790 WorkerThread "GC Thread#5"                     [id=10964, stack(0x000000288b100000,0x000000288b200000) (1024K)]
  0x00000172748a2cb0 WorkerThread "GC Thread#6"                     [id=13808, stack(0x000000288b300000,0x000000288b400000) (1024K)]
  0x00000172748c4190 WorkerThread "GC Thread#7"                     [id=21324, stack(0x000000288b400000,0x000000288b500000) (1024K)]
  0x000001721dd7d7f0 ConcurrentGCThread "G1 Main Marker"            [id=15844, stack(0x0000002889b00000,0x0000002889c00000) (1024K)]
  0x000001721dd7ea90 WorkerThread "G1 Conc#0"                       [id=21508, stack(0x0000002889c00000,0x0000002889d00000) (1024K)]
  0x0000017274dd9e70 WorkerThread "G1 Conc#1"                       [id=12916, stack(0x000000288b200000,0x000000288b300000) (1024K)]
  0x000001722e3aedc0 ConcurrentGCThread "G1 Refine#0"               [id=17836, stack(0x0000002889d00000,0x0000002889e00000) (1024K)]
  0x000001722e3b1500 ConcurrentGCThread "G1 Service"                [id=1472, stack(0x0000002889e00000,0x0000002889f00000) (1024K)]
Total: 15

Threads with active compile tasks:
Total: 0

VM state: not at safepoint (normal execution)

VM Mutex/Monitor currently owned by a thread: None

Heap address: 0x0000000082400000, size: 2012 MB, Compressed Oops mode: 32-bit

CDS archive(s) mapped at: [0x000001722f000000-0x000001722fc90000-0x000001722fc90000), size 13172736, SharedBaseAddress: 0x000001722f000000, ArchiveRelocationMode: 1.
Compressed class space mapped at: 0x0000017230000000-0x0000017270000000, reserved size: 1073741824
Narrow klass base: 0x000001722f000000, Narrow klass shift: 0, Narrow klass range: 0x100000000

GC Precious Log:
 CardTable entry size: 512
 Card Set container configuration: InlinePtr #cards 5 size 8 Array Of Cards #cards 12 size 40 Howl #buckets 4 coarsen threshold 1843 Howl Bitmap #cards 512 size 80 coarsen threshold 460 Card regions per heap region 1 cards per card region 2048
 CPUs: 8 total, 8 available
 Memory: 8043M
 Large Page Support: Disabled
 NUMA Support: Disabled
 Compressed Oops: Enabled (32-bit)
 Heap Region Size: 1M
 Heap Min Capacity: 8M
 Heap Initial Capacity: 126M
 Heap Max Capacity: 2012M
 Pre-touch: Disabled
 Parallel Workers: 8
 Concurrent Workers: 2
 Concurrent Refinement Workers: 8
 Periodic GC: Disabled

Heap:
 garbage-first heap   total 61440K, used 48843K [0x0000000082400000, 0x0000000100000000)
  region size 1024K, 25 young (25600K), 3 survivors (3072K)
 Metaspace       used 63915K, committed 64640K, reserved 1114112K
  class space    used 9111K, committed 9408K, reserved 1048576K

Heap Regions: E=young(eden), S=young(survivor), O=old, HS=humongous(starts), HC=humongous(continues), CS=collection set, F=free, TAMS=top-at-mark-start, PB=parsable bottom
|   0|0x0000000082400000, 0x0000000082500000, 0x0000000082500000|100%|HS|  |TAMS 0x0000000082400000| PB 0x0000000082400000| Complete 
|   1|0x0000000082500000, 0x0000000082600000, 0x0000000082600000|100%|HS|  |TAMS 0x0000000082500000| PB 0x0000000082500000| Complete 
|   2|0x0000000082600000, 0x0000000082700000, 0x0000000082700000|100%| O|  |TAMS 0x0000000082600000| PB 0x0000000082600000| Untracked 
|   3|0x0000000082700000, 0x0000000082800000, 0x0000000082800000|100%| O|  |TAMS 0x0000000082700000| PB 0x0000000082700000| Untracked 
|   4|0x0000000082800000, 0x0000000082900000, 0x0000000082900000|100%| O|  |TAMS 0x0000000082800000| PB 0x0000000082800000| Untracked 
|   5|0x0000000082900000, 0x0000000082a00000, 0x0000000082a00000|100%| O|  |TAMS 0x0000000082900000| PB 0x0000000082900000| Untracked 
|   6|0x0000000082a00000, 0x0000000082b00000, 0x0000000082b00000|100%| O|  |TAMS 0x0000000082a00000| PB 0x0000000082a00000| Untracked 
|   7|0x0000000082b00000, 0x0000000082c00000, 0x0000000082c00000|100%| O|  |TAMS 0x0000000082b00000| PB 0x0000000082b00000| Untracked 
|   8|0x0000000082c00000, 0x0000000082d00000, 0x0000000082d00000|100%| O|  |TAMS 0x0000000082c00000| PB 0x0000000082c00000| Untracked 
|   9|0x0000000082d00000, 0x0000000082e00000, 0x0000000082e00000|100%| O|  |TAMS 0x0000000082d00000| PB 0x0000000082d00000| Untracked 
|  10|0x0000000082e00000, 0x0000000082f00000, 0x0000000082f00000|100%| O|  |TAMS 0x0000000082e00000| PB 0x0000000082e00000| Untracked 
|  11|0x0000000082f00000, 0x0000000083000000, 0x0000000083000000|100%| O|  |TAMS 0x0000000082f00000| PB 0x0000000082f00000| Untracked 
|  12|0x0000000083000000, 0x0000000083100000, 0x0000000083100000|100%| O|  |TAMS 0x0000000083000000| PB 0x0000000083000000| Untracked 
|  13|0x0000000083100000, 0x0000000083200000, 0x0000000083200000|100%| O|  |TAMS 0x0000000083100000| PB 0x0000000083100000| Untracked 
|  14|0x0000000083200000, 0x0000000083300000, 0x0000000083300000|100%| O|  |TAMS 0x0000000083200000| PB 0x0000000083200000| Untracked 
|  15|0x0000000083300000, 0x0000000083400000, 0x0000000083400000|100%| O|  |TAMS 0x0000000083300000| PB 0x0000000083300000| Untracked 
|  16|0x0000000083400000, 0x0000000083500000, 0x0000000083500000|100%| O|  |TAMS 0x0000000083400000| PB 0x0000000083400000| Untracked 
|  17|0x0000000083500000, 0x0000000083500000, 0x0000000083600000|  0%| F|  |TAMS 0x0000000083500000| PB 0x0000000083500000| Untracked 
|  18|0x0000000083600000, 0x0000000083700000, 0x0000000083700000|100%| O|  |TAMS 0x0000000083600000| PB 0x0000000083600000| Untracked 
|  19|0x0000000083700000, 0x0000000083800000, 0x0000000083800000|100%| O|  |TAMS 0x0000000083700000| PB 0x0000000083700000| Untracked 
|  20|0x0000000083800000, 0x0000000083900000, 0x0000000083900000|100%| O|  |TAMS 0x0000000083800000| PB 0x0000000083800000| Untracked 
|  21|0x0000000083900000, 0x0000000083a00000, 0x0000000083a00000|100%| O|  |TAMS 0x0000000083900000| PB 0x0000000083900000| Untracked 
|  22|0x0000000083a00000, 0x0000000083b00000, 0x0000000083b00000|100%| O|  |TAMS 0x0000000083a00000| PB 0x0000000083a00000| Untracked 
|  23|0x0000000083b00000, 0x0000000083c00000, 0x0000000083c00000|100%| O|  |TAMS 0x0000000083b00000| PB 0x0000000083b00000| Untracked 
|  24|0x0000000083c00000, 0x0000000083c00000, 0x0000000083d00000|  0%| F|  |TAMS 0x0000000083c00000| PB 0x0000000083c00000| Untracked 
|  25|0x0000000083d00000, 0x0000000083d00000, 0x0000000083e00000|  0%| F|  |TAMS 0x0000000083d00000| PB 0x0000000083d00000| Untracked 
|  26|0x0000000083e00000, 0x0000000083e00000, 0x0000000083f00000|  0%| F|  |TAMS 0x0000000083e00000| PB 0x0000000083e00000| Untracked 
|  27|0x0000000083f00000, 0x0000000083f00000, 0x0000000084000000|  0%| F|  |TAMS 0x0000000083f00000| PB 0x0000000083f00000| Untracked 
|  28|0x0000000084000000, 0x0000000084100000, 0x0000000084100000|100%| O|  |TAMS 0x0000000084000000| PB 0x0000000084000000| Untracked 
|  29|0x0000000084100000, 0x0000000084200000, 0x0000000084200000|100%| O|  |TAMS 0x0000000084100000| PB 0x0000000084100000| Untracked 
|  30|0x0000000084200000, 0x0000000084200000, 0x0000000084300000|  0%| F|  |TAMS 0x0000000084200000| PB 0x0000000084200000| Untracked 
|  31|0x0000000084300000, 0x00000000843b2cf0, 0x0000000084400000| 69%| S|CS|TAMS 0x0000000084300000| PB 0x0000000084300000| Complete 
|  32|0x0000000084400000, 0x0000000084500000, 0x0000000084500000|100%| S|CS|TAMS 0x0000000084400000| PB 0x0000000084400000| Complete 
|  33|0x0000000084500000, 0x0000000084600000, 0x0000000084600000|100%| S|CS|TAMS 0x0000000084500000| PB 0x0000000084500000| Complete 
|  34|0x0000000084600000, 0x0000000084600000, 0x0000000084700000|  0%| F|  |TAMS 0x0000000084600000| PB 0x0000000084600000| Untracked 
|  35|0x0000000084700000, 0x0000000084700000, 0x0000000084800000|  0%| F|  |TAMS 0x0000000084700000| PB 0x0000000084700000| Untracked 
|  36|0x0000000084800000, 0x0000000084800000, 0x0000000084900000|  0%| F|  |TAMS 0x0000000084800000| PB 0x0000000084800000| Untracked 
|  37|0x0000000084900000, 0x0000000084900000, 0x0000000084a00000|  0%| F|  |TAMS 0x0000000084900000| PB 0x0000000084900000| Untracked 
|  38|0x0000000084a00000, 0x0000000084a33ba8, 0x0000000084b00000| 20%| E|  |TAMS 0x0000000084a00000| PB 0x0000000084a00000| Complete 
|  39|0x0000000084b00000, 0x0000000084c00000, 0x0000000084c00000|100%| E|CS|TAMS 0x0000000084b00000| PB 0x0000000084b00000| Complete 
|  40|0x0000000084c00000, 0x0000000084d00000, 0x0000000084d00000|100%| E|CS|TAMS 0x0000000084c00000| PB 0x0000000084c00000| Complete 
|  41|0x0000000084d00000, 0x0000000084e00000, 0x0000000084e00000|100%| E|  |TAMS 0x0000000084d00000| PB 0x0000000084d00000| Complete 
|  42|0x0000000084e00000, 0x0000000084f00000, 0x0000000084f00000|100%| E|CS|TAMS 0x0000000084e00000| PB 0x0000000084e00000| Complete 
|  43|0x0000000084f00000, 0x0000000085000000, 0x0000000085000000|100%| E|CS|TAMS 0x0000000084f00000| PB 0x0000000084f00000| Complete 
|  44|0x0000000085000000, 0x0000000085100000, 0x0000000085100000|100%| E|CS|TAMS 0x0000000085000000| PB 0x0000000085000000| Complete 
|  45|0x0000000085100000, 0x0000000085200000, 0x0000000085200000|100%| E|CS|TAMS 0x0000000085100000| PB 0x0000000085100000| Complete 
|  46|0x0000000085200000, 0x0000000085300000, 0x0000000085300000|100%| E|CS|TAMS 0x0000000085200000| PB 0x0000000085200000| Complete 
|  47|0x0000000085300000, 0x0000000085400000, 0x0000000085400000|100%| E|CS|TAMS 0x0000000085300000| PB 0x0000000085300000| Complete 
|  48|0x0000000085400000, 0x0000000085500000, 0x0000000085500000|100%| E|CS|TAMS 0x0000000085400000| PB 0x0000000085400000| Complete 
|  49|0x0000000085500000, 0x0000000085600000, 0x0000000085600000|100%| E|CS|TAMS 0x0000000085500000| PB 0x0000000085500000| Complete 
|  50|0x0000000085600000, 0x0000000085700000, 0x0000000085700000|100%| E|CS|TAMS 0x0000000085600000| PB 0x0000000085600000| Complete 
|  51|0x0000000085700000, 0x0000000085800000, 0x0000000085800000|100%| E|CS|TAMS 0x0000000085700000| PB 0x0000000085700000| Complete 
|  52|0x0000000085800000, 0x0000000085900000, 0x0000000085900000|100%| E|CS|TAMS 0x0000000085800000| PB 0x0000000085800000| Complete 
|  81|0x0000000087500000, 0x0000000087600000, 0x0000000087600000|100%| E|CS|TAMS 0x0000000087500000| PB 0x0000000087500000| Complete 
|  82|0x0000000087600000, 0x0000000087700000, 0x0000000087700000|100%| E|CS|TAMS 0x0000000087600000| PB 0x0000000087600000| Complete 
|  83|0x0000000087700000, 0x0000000087800000, 0x0000000087800000|100%| E|CS|TAMS 0x0000000087700000| PB 0x0000000087700000| Complete 
|  84|0x0000000087800000, 0x0000000087900000, 0x0000000087900000|100%| E|CS|TAMS 0x0000000087800000| PB 0x0000000087800000| Complete 
|  85|0x0000000087900000, 0x0000000087a00000, 0x0000000087a00000|100%| E|CS|TAMS 0x0000000087900000| PB 0x0000000087900000| Complete 
|  86|0x0000000087a00000, 0x0000000087b00000, 0x0000000087b00000|100%| E|CS|TAMS 0x0000000087a00000| PB 0x0000000087a00000| Complete 
| 125|0x000000008a100000, 0x000000008a200000, 0x000000008a200000|100%| E|CS|TAMS 0x000000008a100000| PB 0x000000008a100000| Complete 

Card table byte_map: [0x0000017229770000,0x0000017229b60000] _byte_map_base: 0x000001722935e000

Marking Bits: (CMBitMap*) 0x000001721dd6d1e0
 Bits: [0x0000017229b60000, 0x000001722bad0000)

Polling page: 0x000001721d4e0000

Metaspace:

Usage:
  Non-class:     53.52 MB used.
      Class:      8.90 MB used.
       Both:     62.42 MB used.

Virtual space:
  Non-class space:       64.00 MB reserved,      53.94 MB ( 84%) committed,  1 nodes.
      Class space:        1.00 GB reserved,       9.19 MB ( <1%) committed,  1 nodes.
             Both:        1.06 GB reserved,      63.12 MB (  6%) committed. 

Chunk freelists:
   Non-Class:  10.05 MB
       Class:  6.83 MB
        Both:  16.88 MB

MaxMetaspaceSize: unlimited
CompressedClassSpaceSize: 1.00 GB
Initial GC threshold: 21.00 MB
Current GC threshold: 83.44 MB
CDS: on
 - commit_granule_bytes: 65536.
 - commit_granule_words: 8192.
 - virtual_space_node_default_size: 8388608.
 - enlarge_chunks_in_place: 1.
 - use_allocation_guard: 0.


Internal statistics:

num_allocs_failed_limit: 6.
num_arena_births: 968.
num_arena_deaths: 0.
num_vsnodes_births: 2.
num_vsnodes_deaths: 0.
num_space_committed: 1010.
num_space_uncommitted: 0.
num_chunks_returned_to_freelist: 6.
num_chunks_taken_from_freelist: 3378.
num_chunk_merges: 3.
num_chunk_splits: 2429.
num_chunks_enlarged: 1880.
num_inconsistent_stats: 0.

CodeCache: size=49152Kb used=9126Kb max_used=10471Kb free=40025Kb
 bounds [0x0000017226160000, 0x0000017226ba0000, 0x0000017229160000]
 total_blobs=5629 nmethods=4945 adapters=608
 compilation: enabled
              stopped_count=0, restarted_count=0
 full_count=0

Compilation events (20 events):
Event: 569.635 Thread 0x000001722e527520 5008       1       jdk.internal.loader.URLClassPath$FileLoader$1::getURL (5 bytes)
Event: 569.637 Thread 0x000001722e527520 nmethod 5008 0x00000172263d5b10 code [0x00000172263d5ca0, 0x00000172263d5d68]
Event: 634.319 Thread 0x000001722e527520 5009   !   1       org.apache.catalina.core.ContainerBase::getRealmInternal (38 bytes)
Event: 634.329 Thread 0x000001722e527520 nmethod 5009 0x00000172263d5390 code [0x00000172263d5580, 0x00000172263d5888]
Event: 634.331 Thread 0x000001722e527520 5010       1       org.apache.catalina.core.StandardPipeline::getFirst (17 bytes)
Event: 634.343 Thread 0x000001722e527520 nmethod 5010 0x00000172263d5090 code [0x00000172263d5220, 0x00000172263d5320]
Event: 635.158 Thread 0x000001722e527520 5011       1       java.util.concurrent.atomic.AtomicIntegerFieldUpdater$AtomicIntegerFieldUpdaterImpl::accessCheck (17 bytes)
Event: 635.168 Thread 0x000001722e527520 nmethod 5011 0x00000172263d4d10 code [0x00000172263d4ec0, 0x00000172263d4fe0]
Event: 635.169 Thread 0x000001722e527520 5012       1       com.zaxxer.hikari.pool.PoolEntry::getState (8 bytes)
Event: 635.177 Thread 0x000001722e527520 nmethod 5012 0x00000172263d4910 code [0x00000172263d4ac0, 0x00000172263d4c10]
Event: 635.177 Thread 0x000001722e527520 5013       1       java.util.concurrent.atomic.AtomicIntegerFieldUpdater$AtomicIntegerFieldUpdaterImpl::get (17 bytes)
Event: 635.178 Thread 0x000001722e527520 nmethod 5013 0x00000172263d4510 code [0x00000172263d46c0, 0x00000172263d47f0]
Event: 644.329 Thread 0x000001722e527520 5014   !   1       org.apache.catalina.core.ContainerBase::getClusterInternal (38 bytes)
Event: 644.343 Thread 0x000001722e527520 nmethod 5014 0x00000172263d3d90 code [0x00000172263d3f80, 0x00000172263d4288]
Event: 644.343 Thread 0x000001722e527520 5018  s!   1       org.apache.catalina.core.ContainerBase::backgroundProcess (172 bytes)
Event: 644.367 Thread 0x000001722e527520 nmethod 5018 0x00000172263d2a10 code [0x00000172263d2ca0, 0x00000172263d3770]
Event: 644.368 Thread 0x000001722e527520 5017   !   1       org.apache.catalina.core.ContainerBase$ContainerBackgroundProcessor::processChildren (202 bytes)
Event: 644.386 Thread 0x000001722e527520 nmethod 5017 0x00000172263d0d10 code [0x00000172263d1020, 0x00000172263d1fe8]
Event: 722.754 Thread 0x000001722e527520 5020       1       java.util.logging.LogManager$LoggerContext::getGlobalLogger (6 bytes)
Event: 722.755 Thread 0x000001722e527520 nmethod 5020 0x00000172263d0a10 code [0x00000172263d0ba0, 0x00000172263d0c70]

GC Heap History (20 events):
Event: 1.606 GC heap before
{Heap before GC invocations=1 (full 0):
 garbage-first heap   total 129024K, used 36437K [0x0000000082400000, 0x0000000100000000)
  region size 1024K, 32 young (32768K), 3 survivors (3072K)
 Metaspace       used 12730K, committed 12992K, reserved 1114112K
  class space    used 1684K, committed 1792K, reserved 1048576K
}
Event: 1.615 GC heap after
{Heap after GC invocations=2 (full 0):
 garbage-first heap   total 129024K, used 10364K [0x0000000082400000, 0x0000000100000000)
  region size 1024K, 3 young (3072K), 3 survivors (3072K)
 Metaspace       used 12730K, committed 12992K, reserved 1114112K
  class space    used 1684K, committed 1792K, reserved 1048576K
}
Event: 2.414 GC heap before
{Heap before GC invocations=2 (full 0):
 garbage-first heap   total 129024K, used 45180K [0x0000000082400000, 0x0000000100000000)
  region size 1024K, 39 young (39936K), 3 survivors (3072K)
 Metaspace       used 17910K, committed 18240K, reserved 1114112K
  class space    used 2407K, committed 2560K, reserved 1048576K
}
Event: 2.425 GC heap after
{Heap after GC invocations=3 (full 0):
 garbage-first heap   total 129024K, used 13796K [0x0000000082400000, 0x0000000100000000)
  region size 1024K, 6 young (6144K), 6 survivors (6144K)
 Metaspace       used 17910K, committed 18240K, reserved 1114112K
  class space    used 2407K, committed 2560K, reserved 1048576K
}
Event: 2.930 GC heap before
{Heap before GC invocations=4 (full 0):
 garbage-first heap   total 51200K, used 38372K [0x0000000082400000, 0x0000000100000000)
  region size 1024K, 30 young (30720K), 6 survivors (6144K)
 Metaspace       used 21336K, committed 21824K, reserved 1114112K
  class space    used 2934K, committed 3136K, reserved 1048576K
}
Event: 2.941 GC heap after
{Heap after GC invocations=5 (full 0):
 garbage-first heap   total 51200K, used 15778K [0x0000000082400000, 0x0000000100000000)
  region size 1024K, 2 young (2048K), 2 survivors (2048K)
 Metaspace       used 21336K, committed 21824K, reserved 1114112K
  class space    used 2934K, committed 3136K, reserved 1048576K
}
Event: 3.649 GC heap before
{Heap before GC invocations=5 (full 0):
 garbage-first heap   total 51200K, used 38306K [0x0000000082400000, 0x0000000100000000)
  region size 1024K, 25 young (25600K), 2 survivors (2048K)
 Metaspace       used 26125K, committed 26688K, reserved 1114112K
  class space    used 3609K, committed 3840K, reserved 1048576K
}
Event: 3.658 GC heap after
{Heap after GC invocations=6 (full 0):
 garbage-first heap   total 51200K, used 18238K [0x0000000082400000, 0x0000000100000000)
  region size 1024K, 4 young (4096K), 4 survivors (4096K)
 Metaspace       used 26125K, committed 26688K, reserved 1114112K
  class space    used 3609K, committed 3840K, reserved 1048576K
}
Event: 4.075 GC heap before
{Heap before GC invocations=6 (full 0):
 garbage-first heap   total 51200K, used 39742K [0x0000000082400000, 0x0000000100000000)
  region size 1024K, 26 young (26624K), 4 survivors (4096K)
 Metaspace       used 29938K, committed 30400K, reserved 1114112K
  class space    used 4151K, committed 4352K, reserved 1048576K
}
Event: 4.080 GC heap after
{Heap after GC invocations=7 (full 0):
 garbage-first heap   total 61440K, used 19786K [0x0000000082400000, 0x0000000100000000)
  region size 1024K, 2 young (2048K), 2 survivors (2048K)
 Metaspace       used 29938K, committed 30400K, reserved 1114112K
  class space    used 4151K, committed 4352K, reserved 1048576K
}
Event: 4.921 GC heap before
{Heap before GC invocations=8 (full 0):
 garbage-first heap   total 61440K, used 49482K [0x0000000082400000, 0x0000000100000000)
  region size 1024K, 32 young (32768K), 2 survivors (2048K)
 Metaspace       used 37716K, committed 38272K, reserved 1114112K
  class space    used 5274K, committed 5568K, reserved 1048576K
}
Event: 4.924 GC heap after
{Heap after GC invocations=9 (full 0):
 garbage-first heap   total 61440K, used 21721K [0x0000000082400000, 0x0000000100000000)
  region size 1024K, 4 young (4096K), 4 survivors (4096K)
 Metaspace       used 37716K, committed 38272K, reserved 1114112K
  class space    used 5274K, committed 5568K, reserved 1048576K
}
Event: 5.482 GC heap before
{Heap before GC invocations=9 (full 0):
 garbage-first heap   total 61440K, used 50393K [0x0000000082400000, 0x0000000100000000)
  region size 1024K, 33 young (33792K), 4 survivors (4096K)
 Metaspace       used 45292K, committed 45888K, reserved 1114112K
  class space    used 6360K, committed 6656K, reserved 1048576K
}
Event: 5.486 GC heap after
{Heap after GC invocations=10 (full 0):
 garbage-first heap   total 61440K, used 23044K [0x0000000082400000, 0x0000000100000000)
  region size 1024K, 5 young (5120K), 5 survivors (5120K)
 Metaspace       used 45292K, committed 45888K, reserved 1114112K
  class space    used 6360K, committed 6656K, reserved 1048576K
}
Event: 5.926 GC heap before
{Heap before GC invocations=10 (full 0):
 garbage-first heap   total 61440K, used 43524K [0x0000000082400000, 0x0000000100000000)
  region size 1024K, 26 young (26624K), 5 survivors (5120K)
 Metaspace       used 50519K, committed 51136K, reserved 1114112K
  class space    used 7194K, committed 7488K, reserved 1048576K
}
Event: 5.930 GC heap after
{Heap after GC invocations=11 (full 0):
 garbage-first heap   total 61440K, used 24075K [0x0000000082400000, 0x0000000100000000)
  region size 1024K, 3 young (3072K), 3 survivors (3072K)
 Metaspace       used 50519K, committed 51136K, reserved 1114112K
  class space    used 7194K, committed 7488K, reserved 1048576K
}
Event: 6.743 GC heap before
{Heap before GC invocations=12 (full 0):
 garbage-first heap   total 61440K, used 53771K [0x0000000082400000, 0x0000000100000000)
  region size 1024K, 32 young (32768K), 3 survivors (3072K)
 Metaspace       used 55458K, committed 56064K, reserved 1114112K
  class space    used 7920K, committed 8192K, reserved 1048576K
}
Event: 6.747 GC heap after
{Heap after GC invocations=13 (full 0):
 garbage-first heap   total 61440K, used 26456K [0x0000000082400000, 0x0000000100000000)
  region size 1024K, 4 young (4096K), 4 survivors (4096K)
 Metaspace       used 55458K, committed 56064K, reserved 1114112K
  class space    used 7920K, committed 8192K, reserved 1048576K
}
Event: 165.625 GC heap before
{Heap before GC invocations=13 (full 0):
 garbage-first heap   total 61440K, used 53080K [0x0000000082400000, 0x0000000100000000)
  region size 1024K, 30 young (30720K), 4 survivors (4096K)
 Metaspace       used 58717K, committed 59392K, reserved 1114112K
  class space    used 8413K, committed 8704K, reserved 1048576K
}
Event: 165.648 GC heap after
{Heap after GC invocations=14 (full 0):
 garbage-first heap   total 61440K, used 28363K [0x0000000082400000, 0x0000000100000000)
  region size 1024K, 3 young (3072K), 3 survivors (3072K)
 Metaspace       used 58717K, committed 59392K, reserved 1114112K
  class space    used 8413K, committed 8704K, reserved 1048576K
}

Dll operation events (10 events):
Event: 0.008 Loaded shared library D:\android\jdk-21\bin\java.dll
Event: 0.111 Loaded shared library D:\android\jdk-21\bin\net.dll
Event: 0.113 Loaded shared library D:\android\jdk-21\bin\nio.dll
Event: 0.118 Loaded shared library D:\android\jdk-21\bin\zip.dll
Event: 0.274 Loaded shared library D:\android\jdk-21\bin\jimage.dll
Event: 1.971 Loaded shared library D:\android\jdk-21\bin\sunmscapi.dll
Event: 3.537 Loaded shared library D:\android\jdk-21\bin\management.dll
Event: 3.558 Loaded shared library D:\android\jdk-21\bin\management_ext.dll
Event: 4.284 Loaded shared library D:\android\jdk-21\bin\verify.dll
Event: 4.673 Loaded shared library D:\android\jdk-21\bin\extnet.dll

Deoptimization events (6 events):
Event: 1.510 Thread 0x000001721bb6eeb0 DEOPT PACKING pc=0x00000172266f3579 sp=0x00000028899fd4f0
Event: 1.510 Thread 0x000001721bb6eeb0 DEOPT UNPACKING pc=0x00000172261b4e42 sp=0x00000028899fc9d0 mode 3
Event: 2.026 Thread 0x000001721bb6eeb0 DEOPT PACKING pc=0x000001722679b85d sp=0x00000028899fe370
Event: 2.026 Thread 0x000001721bb6eeb0 DEOPT UNPACKING pc=0x00000172261b4e42 sp=0x00000028899fd818 mode 3
Event: 3.701 Thread 0x000001721bb6eeb0 DEOPT PACKING pc=0x00000172269d9d9d sp=0x00000028899fc780
Event: 3.701 Thread 0x000001721bb6eeb0 DEOPT UNPACKING pc=0x00000172261b4e42 sp=0x00000028899fbce8 mode 3

Classes loaded (20 events):
Event: 166.762 Loading class java/util/OptionalLong
Event: 166.763 Loading class java/util/OptionalLong done
Event: 166.763 Loading class java/util/OptionalDouble
Event: 166.763 Loading class java/util/OptionalDouble done
Event: 166.817 Loading class java/util/stream/LongStream
Event: 166.819 Loading class java/util/stream/LongStream done
Event: 166.819 Loading class java/util/stream/DoubleStream
Event: 166.820 Loading class java/util/stream/DoubleStream done
Event: 166.840 Loading class org/w3c/dom/Node
Event: 166.840 Loading class org/w3c/dom/Node done
Event: 166.840 Loading class org/w3c/dom/Document
Event: 166.841 Loading class org/w3c/dom/Document done
Event: 722.529 Loading class jdk/internal/misc/Signal$1
Event: 722.604 Loading class jdk/internal/misc/Signal$1 done
Event: 722.874 Loading class java/util/WeakHashMap$KeyIterator
Event: 722.964 Loading class java/util/WeakHashMap$HashIterator
Event: 723.030 Loading class java/util/WeakHashMap$HashIterator done
Event: 723.030 Loading class java/util/WeakHashMap$KeyIterator done
Event: 724.705 Loading class java/util/concurrent/locks/AbstractQueuedSynchronizer$SharedNode
Event: 724.718 Loading class java/util/concurrent/locks/AbstractQueuedSynchronizer$SharedNode done

Classes unloaded (0 events):
No events

Classes redefined (0 events):
No events

Internal exceptions (20 events):
Event: 5.940 Thread 0x000001721bb6eeb0 Exception <a 'java/lang/NoSuchMethodError'{0x000000008a160438}: 'java.lang.Object java.lang.invoke.DirectMethodHandle$Holder.invokeSpecial(java.lang.Object, java.lang.Object, java.lang.Object, java.lang.Object, java.lang.Object, java.lang.Object, java.lang.Object, java.lang.Object, int)'> (0x000000008a160438) 
thrown [s\open\src\hotspot\share\interpreter\linkResolver.cpp, line 773]
Event: 5.940 Thread 0x000001721bb6eeb0 Exception <a 'java/lang/NoSuchMethodError'{0x000000008a164450}: 'java.lang.Object java.lang.invoke.Invokers$Holder.linkToTargetMethod(java.lang.Object, java.lang.Object, java.lang.Object, java.lang.Object, java.lang.Object, java.lang.Object, int, java.lang.Object)'> (0x000000008a164450) 
thrown [s\open\src\hotspot\share\interpreter\linkResolver.cpp, line 773]
Event: 5.968 Thread 0x000001721bb6eeb0 Exception <a 'java/lang/NoSuchMethodError'{0x0000000087a53788}: 'void java.lang.invoke.DirectMethodHandle$Holder.invokeInterface(java.lang.Object, java.lang.Object)'> (0x0000000087a53788) 
thrown [s\open\src\hotspot\share\interpreter\linkResolver.cpp, line 773]
Event: 6.083 Thread 0x000001721bb6eeb0 Exception <a 'java/lang/NoSuchMethodError'{0x000000008765b028}: 'void java.lang.invoke.Invokers$Holder.invokeExact_MT(java.lang.Object, java.lang.Object, java.lang.Object, java.lang.Object)'> (0x000000008765b028) 
thrown [s\open\src\hotspot\share\interpreter\linkResolver.cpp, line 773]
Event: 6.162 Thread 0x000001721bb6eeb0 Exception <a 'java/lang/IncompatibleClassChangeError'{0x0000000085682e60}: Found class java.lang.Object, but interface was expected> (0x0000000085682e60) 
thrown [s\open\src\hotspot\share\interpreter\linkResolver.cpp, line 840]
Event: 6.213 Thread 0x000001721bb6eeb0 Exception <a 'java/lang/IncompatibleClassChangeError'{0x0000000085441008}: Found class java.lang.Object, but interface was expected> (0x0000000085441008) 
thrown [s\open\src\hotspot\share\interpreter\linkResolver.cpp, line 840]
Event: 6.377 Thread 0x000001721bb6eeb0 Exception <a 'java/lang/IncompatibleClassChangeError'{0x0000000084ea91b8}: Found class java.lang.Object, but interface was expected> (0x0000000084ea91b8) 
thrown [s\open\src\hotspot\share\interpreter\linkResolver.cpp, line 840]
Event: 6.443 Thread 0x000001721bb6eeb0 Exception <a 'java/lang/NoSuchMethodError'{0x0000000084bc8588}: 'java.lang.Object java.lang.invoke.DirectMethodHandle$Holder.newInvokeSpecial(java.lang.Object, java.lang.Object, java.lang.Object, java.lang.Object, java.lang.Object, java.lang.Object, java.lang.Object, java.lang.Object)'> (0x0000000084bc8588) 
thrown [s\open\src\hotspot\share\interpreter\linkResolver.cpp, line 773]
Event: 6.521 Thread 0x000001721bb6eeb0 Exception <a 'sun/nio/fs/WindowsException'{0x0000000084595578}> (0x0000000084595578) 
thrown [s\open\src\hotspot\share\prims\jni.cpp, line 520]
Event: 6.914 Thread 0x000001721bb6eeb0 Exception <a 'java/lang/IncompatibleClassChangeError'{0x0000000085751be0}: Found class java.lang.Object, but interface was expected> (0x0000000085751be0) 
thrown [s\open\src\hotspot\share\interpreter\linkResolver.cpp, line 840]
Event: 7.027 Thread 0x000001721bb6eeb0 Exception <a 'java/lang/NoSuchMethodError'{0x00000000852b4c70}: 'void java.lang.invoke.DirectMethodHandle$Holder.invokeVirtual(java.lang.Object, java.lang.Object, long)'> (0x00000000852b4c70) 
thrown [s\open\src\hotspot\share\interpreter\linkResolver.cpp, line 773]
Event: 7.073 Thread 0x000001721bb6eeb0 Exception <a 'java/lang/NoSuchMethodError'{0x0000000084f35928}: 'int java.lang.invoke.DirectMethodHandle$Holder.invokeStaticInit(java.lang.Object, java.lang.Object, java.lang.Object, java.lang.Object)'> (0x0000000084f35928) 
thrown [s\open\src\hotspot\share\interpreter\linkResolver.cpp, line 773]
Event: 7.110 Thread 0x000001721bb6eeb0 Exception <a 'java/lang/IncompatibleClassChangeError'{0x0000000084d069d0}: Found class java.lang.Object, but interface was expected> (0x0000000084d069d0) 
thrown [s\open\src\hotspot\share\interpreter\linkResolver.cpp, line 840]
Event: 7.139 Thread 0x000001721bb6eeb0 Exception <a 'java/lang/NoSuchMethodError'{0x0000000084c80db0}: 'java.lang.Object java.lang.invoke.Invokers$Holder.invoke_MT(java.lang.Object, java.lang.Object, java.lang.Object, java.lang.Object, java.lang.Object, java.lang.Object, java.lang.Object, java.lang.Object, java.lang.Object, java.lang.Object, java.lang.Object)'> (0x0000000084c80db0) 
thrown [s\open\src\hotspot\share\interpreter\linkResolver.cpp, line 773]
Event: 7.222 Thread 0x000001721bb6eeb0 Exception <a 'java/lang/NoSuchMethodError'{0x00000000848b5680}: 'java.lang.Object java.lang.invoke.DirectMethodHandle$Holder.newInvokeSpecial(java.lang.Object, java.lang.Object, int, java.lang.Object, java.lang.Object)'> (0x00000000848b5680) 
thrown [s\open\src\hotspot\share\interpreter\linkResolver.cpp, line 773]
Event: 165.809 Thread 0x00000172761cec80 Exception <a 'java/lang/NoSuchMethodError'{0x0000000087a91a80}: 'java.lang.Object java.lang.invoke.DirectMethodHandle$Holder.invokeSpecial(java.lang.Object, java.lang.Object, java.lang.Object, java.lang.Object, java.lang.Object, long)'> (0x0000000087a91a80) 
thrown [s\open\src\hotspot\share\interpreter\linkResolver.cpp, line 773]
Event: 165.810 Thread 0x00000172761cec80 Exception <a 'java/lang/NoSuchMethodError'{0x0000000087a95240}: 'java.lang.Object java.lang.invoke.Invokers$Holder.linkToTargetMethod(java.lang.Object, java.lang.Object, java.lang.Object, long, java.lang.Object)'> (0x0000000087a95240) 
thrown [s\open\src\hotspot\share\interpreter\linkResolver.cpp, line 773]
Event: 166.463 Thread 0x0000017276481b10 Exception <a 'java/lang/NoSuchMethodError'{0x00000000853f09d0}: 'java.lang.Object java.lang.invoke.DirectMethodHandle$Holder.invokeInterface(java.lang.Object, java.lang.Object, java.lang.Object, java.lang.Object)'> (0x00000000853f09d0) 
thrown [s\open\src\hotspot\share\interpreter\linkResolver.cpp, line 773]
Event: 166.481 Thread 0x0000017276481b10 Exception <a 'java/lang/IncompatibleClassChangeError'{0x0000000085279d68}: Found class java.lang.Object, but interface was expected> (0x0000000085279d68) 
thrown [s\open\src\hotspot\share\interpreter\linkResolver.cpp, line 840]
Event: 166.725 Thread 0x0000017276481b10 Exception <a 'java/lang/IncompatibleClassChangeError'{0x0000000084e83fb8}: Found class java.lang.Object, but interface was expected> (0x0000000084e83fb8) 
thrown [s\open\src\hotspot\share\interpreter\linkResolver.cpp, line 840]

ZGC Phase Switch (0 events):
No events

VM Operations (20 events):
Event: 209.476 Executing VM operation: Cleanup
Event: 209.476 Executing VM operation: Cleanup done
Event: 214.521 Executing VM operation: Cleanup
Event: 214.521 Executing VM operation: Cleanup done
Event: 227.599 Executing VM operation: Cleanup
Event: 227.599 Executing VM operation: Cleanup done
Event: 264.831 Executing VM operation: Cleanup
Event: 264.831 Executing VM operation: Cleanup done
Event: 444.109 Executing VM operation: Cleanup
Event: 444.109 Executing VM operation: Cleanup done
Event: 454.212 Executing VM operation: Cleanup
Event: 454.212 Executing VM operation: Cleanup done
Event: 575.208 Executing VM operation: Cleanup
Event: 575.212 Executing VM operation: Cleanup done
Event: 654.713 Executing VM operation: Cleanup
Event: 654.717 Executing VM operation: Cleanup done
Event: 723.269 Executing VM operation: Cleanup
Event: 723.285 Executing VM operation: Cleanup done
Event: 725.295 Executing VM operation: Cleanup
Event: 725.295 Executing VM operation: Cleanup done

Events (20 events):
Event: 7.267 Thread 0x00000172764ee080 Thread added: 0x00000172764ee080
Event: 7.267 Thread 0x00000172764f07e0 Thread added: 0x00000172764f07e0
Event: 7.267 Thread 0x00000172764f1500 Thread added: 0x00000172764f1500
Event: 7.267 Thread 0x00000172764ee710 Thread added: 0x00000172764ee710
Event: 7.267 Thread 0x00000172764f0150 Thread added: 0x00000172764f0150
Event: 7.267 Thread 0x00000172764efac0 Thread added: 0x00000172764efac0
Event: 7.267 Thread 0x00000172764eeda0 Thread added: 0x00000172764eeda0
Event: 7.303 Thread 0x00000172764f0e70 Thread added: 0x00000172764f0e70
Event: 7.304 Thread 0x00000172765031f0 Thread added: 0x00000172765031f0
Event: 7.328 Thread 0x000001721bb6eeb0 Thread exited: 0x000001721bb6eeb0
Event: 7.328 Thread 0x00000172765024d0 Thread added: 0x00000172765024d0
Event: 10.404 Thread 0x0000017275786900 Thread exited: 0x0000017275786900
Event: 12.335 Thread 0x000001722e7597a0 Thread exited: 0x000001722e7597a0
Event: 17.350 Thread 0x000001722e74c0c0 Thread exited: 0x000001722e74c0c0
Event: 17.350 Thread 0x000001722e74ba10 Thread exited: 0x000001722e74ba10
Event: 722.664 Thread 0x0000017276503880 Thread added: 0x0000017276503880
Event: 722.814 Thread 0x00000172765052c0 Thread added: 0x00000172765052c0
Event: 722.816 Thread 0x0000017276505950 Thread added: 0x0000017276505950
Event: 722.906 Thread 0x0000017276505950 Thread exited: 0x0000017276505950
Event: 724.702 Thread 0x0000017276503f10 Thread added: 0x0000017276503f10


Dynamic libraries:
0x00007ff602a30000 - 0x00007ff602a3e000 	D:\android\jdk-21\bin\java.exe
0x00007ffdb0d50000 - 0x00007ffdb0f48000 	C:\WINDOWS\SYSTEM32\ntdll.dll
0x00007ffdb0440000 - 0x00007ffdb0502000 	C:\WINDOWS\System32\KERNEL32.DLL
0x00007ffdae840000 - 0x00007ffdaeb3e000 	C:\WINDOWS\System32\KERNELBASE.dll
0x00007ffdae470000 - 0x00007ffdae570000 	C:\WINDOWS\System32\ucrtbase.dll
0x00007ffd72700000 - 0x00007ffd72718000 	D:\android\jdk-21\bin\jli.dll
0x00007ffd727c0000 - 0x00007ffd727db000 	D:\android\jdk-21\bin\VCRUNTIME140.dll
0x00007ffdb0b70000 - 0x00007ffdb0d0d000 	C:\WINDOWS\System32\USER32.dll
0x00007ffdae6b0000 - 0x00007ffdae6d2000 	C:\WINDOWS\System32\win32u.dll
0x00007ffdb0090000 - 0x00007ffdb00bb000 	C:\WINDOWS\System32\GDI32.dll
0x00007ffd97e50000 - 0x00007ffd980ea000 	C:\WINDOWS\WinSxS\amd64_microsoft.windows.common-controls_6595b64144ccf1df_6.0.19041.4355_none_60b8b9eb71f62e16\COMCTL32.dll
0x00007ffdaeb40000 - 0x00007ffdaec57000 	C:\WINDOWS\System32\gdi32full.dll
0x00007ffdb03a0000 - 0x00007ffdb043e000 	C:\WINDOWS\System32\msvcrt.dll
0x00007ffdaec60000 - 0x00007ffdaecfd000 	C:\WINDOWS\System32\msvcp_win.dll
0x00007ffdaf270000 - 0x00007ffdaf29f000 	C:\WINDOWS\System32\IMM32.DLL
0x00007ffd7e640000 - 0x00007ffd7e64c000 	D:\android\jdk-21\bin\vcruntime140_1.dll
0x00007ffd56780000 - 0x00007ffd5680e000 	D:\android\jdk-21\bin\msvcp140.dll
0x00007ffd01370000 - 0x00007ffd02083000 	D:\android\jdk-21\bin\server\jvm.dll
0x00007ffdb0940000 - 0x00007ffdb09f1000 	C:\WINDOWS\System32\ADVAPI32.dll
0x00007ffdb0a00000 - 0x00007ffdb0a9f000 	C:\WINDOWS\System32\sechost.dll
0x00007ffdaefe0000 - 0x00007ffdaf103000 	C:\WINDOWS\System32\RPCRT4.dll
0x00007ffdae3f0000 - 0x00007ffdae417000 	C:\WINDOWS\System32\bcrypt.dll
0x00007ffdaffb0000 - 0x00007ffdb001b000 	C:\WINDOWS\System32\WS2_32.dll
0x00007ffdad930000 - 0x00007ffdad97b000 	C:\WINDOWS\SYSTEM32\POWRPROF.dll
0x00007ffda6f20000 - 0x00007ffda6f2a000 	C:\WINDOWS\SYSTEM32\VERSION.dll
0x00007ffda3740000 - 0x00007ffda3767000 	C:\WINDOWS\SYSTEM32\WINMM.dll
0x00007ffdad7f0000 - 0x00007ffdad802000 	C:\WINDOWS\SYSTEM32\UMPDC.dll
0x00007ffdac270000 - 0x00007ffdac282000 	C:\WINDOWS\SYSTEM32\kernel.appcore.dll
0x00007ffd7e570000 - 0x00007ffd7e57a000 	D:\android\jdk-21\bin\jimage.dll
0x00007ffda2e00000 - 0x00007ffda2fe4000 	C:\WINDOWS\SYSTEM32\DBGHELP.DLL
0x00007ffd7d1d0000 - 0x00007ffd7d204000 	C:\WINDOWS\SYSTEM32\dbgcore.DLL
0x00007ffdae570000 - 0x00007ffdae5f2000 	C:\WINDOWS\System32\bcryptPrimitives.dll
0x00007ffd6b2e0000 - 0x00007ffd6b2ff000 	D:\android\jdk-21\bin\java.dll
0x00007ffdaf830000 - 0x00007ffdaff9d000 	C:\WINDOWS\System32\SHELL32.dll
0x00007ffdac470000 - 0x00007ffdacc14000 	C:\WINDOWS\SYSTEM32\windows.storage.dll
0x00007ffdb05e0000 - 0x00007ffdb0933000 	C:\WINDOWS\System32\combase.dll
0x00007ffdade20000 - 0x00007ffdade4e000 	C:\WINDOWS\SYSTEM32\Wldp.dll
0x00007ffdb0510000 - 0x00007ffdb05dd000 	C:\WINDOWS\System32\OLEAUT32.dll
0x00007ffdaf110000 - 0x00007ffdaf1bd000 	C:\WINDOWS\System32\SHCORE.dll
0x00007ffdb0b00000 - 0x00007ffdb0b55000 	C:\WINDOWS\System32\shlwapi.dll
0x00007ffdae320000 - 0x00007ffdae344000 	C:\WINDOWS\SYSTEM32\profapi.dll
0x00007ffd7dd50000 - 0x00007ffd7dd60000 	D:\android\jdk-21\bin\net.dll
0x00007ffda4a70000 - 0x00007ffda4b7d000 	C:\WINDOWS\SYSTEM32\WINHTTP.dll
0x00007ffdadb80000 - 0x00007ffdadbea000 	C:\WINDOWS\system32\mswsock.dll
0x00007ffd64a30000 - 0x00007ffd64a46000 	D:\android\jdk-21\bin\nio.dll
0x00007ffd673b0000 - 0x00007ffd673c8000 	D:\android\jdk-21\bin\zip.dll
0x00007ffd7bf70000 - 0x00007ffd7bf7e000 	D:\android\jdk-21\bin\sunmscapi.dll
0x00007ffdae6e0000 - 0x00007ffdae83c000 	C:\WINDOWS\System32\CRYPT32.dll
0x00007ffdade90000 - 0x00007ffdadeb7000 	C:\WINDOWS\SYSTEM32\ncrypt.dll
0x00007ffdade50000 - 0x00007ffdade8b000 	C:\WINDOWS\SYSTEM32\NTASN1.dll
0x00007ffdadd80000 - 0x00007ffdadd98000 	C:\WINDOWS\SYSTEM32\CRYPTSP.dll
0x00007ffdad430000 - 0x00007ffdad464000 	C:\WINDOWS\system32\rsaenh.dll
0x00007ffdae2a0000 - 0x00007ffdae2ce000 	C:\WINDOWS\SYSTEM32\USERENV.dll
0x00007ffdadd70000 - 0x00007ffdadd7c000 	C:\WINDOWS\SYSTEM32\CRYPTBASE.dll
0x00007ffdad810000 - 0x00007ffdad84b000 	C:\WINDOWS\SYSTEM32\IPHLPAPI.DLL
0x00007ffdb0080000 - 0x00007ffdb0088000 	C:\WINDOWS\System32\NSI.dll
0x00007ffd75180000 - 0x00007ffd7518a000 	D:\android\jdk-21\bin\management.dll
0x00007ffd6c270000 - 0x00007ffd6c27b000 	D:\android\jdk-21\bin\management_ext.dll
0x00007ffdb0b60000 - 0x00007ffdb0b68000 	C:\WINDOWS\System32\PSAPI.DLL
0x00007ffd7d210000 - 0x00007ffd7d220000 	D:\android\jdk-21\bin\verify.dll
0x00007ffdad860000 - 0x00007ffdad92a000 	C:\WINDOWS\SYSTEM32\DNSAPI.dll
0x00007ffd98320000 - 0x00007ffd9832a000 	C:\Windows\System32\rasadhlp.dll
0x00007ffd980f0000 - 0x00007ffd98170000 	C:\WINDOWS\System32\fwpuclnt.dll
0x00007ffdab9d0000 - 0x00007ffdab9d7000 	D:\android\jdk-21\bin\extnet.dll
0x00007ffda0bd0000 - 0x00007ffda0bd7000 	C:\WINDOWS\system32\wshunix.dll

dbghelp: loaded successfully - version: 4.0.5 - missing functions: none
symbol engine: initialized successfully - sym options: 0x614 - pdb path: .;D:\android\jdk-21\bin;C:\WINDOWS\SYSTEM32;C:\WINDOWS\WinSxS\amd64_microsoft.windows.common-controls_6595b64144ccf1df_6.0.19041.4355_none_60b8b9eb71f62e16;D:\android\jdk-21\bin\server

VM Arguments:
jvm_args: -XX:TieredStopAtLevel=1 
java_command: com.example.employee.EmployeeApplication
java_class_path (initial): C:\wamp64\www\employee\target\classes;C:\Users\Mobiwin\.m2\repository\org\springframework\boot\spring-boot\3.4.1\spring-boot-3.4.1.jar;C:\Users\Mobiwin\.m2\repository\org\springframework\boot\spring-boot-autoconfigure\3.4.1\spring-boot-autoconfigure-3.4.1.jar;C:\Users\Mobiwin\.m2\repository\ch\qos\logback\logback-classic\1.5.12\logback-classic-1.5.12.jar;C:\Users\Mobiwin\.m2\repository\ch\qos\logback\logback-core\1.5.12\logback-core-1.5.12.jar;C:\Users\Mobiwin\.m2\repository\org\apache\logging\log4j\log4j-to-slf4j\2.24.3\log4j-to-slf4j-2.24.3.jar;C:\Users\Mobiwin\.m2\repository\org\apache\logging\log4j\log4j-api\2.24.3\log4j-api-2.24.3.jar;C:\Users\Mobiwin\.m2\repository\org\slf4j\jul-to-slf4j\2.0.16\jul-to-slf4j-2.0.16.jar;C:\Users\Mobiwin\.m2\repository\jakarta\annotation\jakarta.annotation-api\2.1.1\jakarta.annotation-api-2.1.1.jar;C:\Users\Mobiwin\.m2\repository\org\yaml\snakeyaml\2.3\snakeyaml-2.3.jar;C:\Users\Mobiwin\.m2\repository\com\fasterxml\jackson\core\jackson-databind\2.18.2\jackson-databind-2.18.2.jar;C:\Users\Mobiwin\.m2\repository\com\fasterxml\jackson\core\jackson-annotations\2.18.2\jackson-annotations-2.18.2.jar;C:\Users\Mobiwin\.m2\repository\com\fasterxml\jackson\core\jackson-core\2.18.2\jackson-core-2.18.2.jar;C:\Users\Mobiwin\.m2\repository\com\fasterxml\jackson\datatype\jackson-datatype-jdk8\2.18.2\jackson-datatype-jdk8-2.18.2.jar;C:\Users\Mobiwin\.m2\repository\com\fasterxml\jackson\datatype\jackson-datatype-jsr310\2.18.2\jackson-datatype-jsr310-2.18.2.jar;C:\Users\Mobiwin\.m2\repository\com\fasterxml\jackson\module\jackson-module-parameter-names\2.18.2\jackson-module-parameter-names-2.18.2.jar;C:\Users\Mobiwin\.m2\repository\org\apache\tomcat\embed\tomcat-embed-core\10.1.34\tomcat-embed-core-10.1.34.jar;C:\Users\Mobiwin\.m2\repository\org\apache\tomcat\embed\tomcat-embed-el\10.1.34\tomcat-embed-el-10.1.34.jar;C:\Users\Mobiwin\.m2\repository\org\apache\tomcat\embed\tomcat-embed-websocket\10.1.34\tomcat-embed-websocket-10.1.34.jar;C:\Users\Mobiwin\.m2\repository\org\springframework\spring-web\6.2.1\spring-web-6.2.1.jar;C:\Users\Mobiwin\.m2\repository\org\springframework\spring-beans\6.2.1\spring-beans-6.2.1.jar;C:\Users\Mobiwin\.m2\repository\io\micrometer\micrometer-observation\1.14.2\micrometer-observation-1.14.2.jar;C:\Users\Mobiwin\.m2\repository\io\micrometer\micrometer-commons\1.14.2\micrometer-commons-1.14.2.jar;C:\Users\Mobiwin\.m2\repository\org\springframework\spring-webmvc\6.2.1\spring-webmvc-6.2.1.jar;C:\Users\Mobiwin\.m2\repository\org\springframework\spring-context\6.2.1\spring-context-6.2.1.jar;C:\Users\Mobiwin\.m2\repository\org\springframework\spring-expression\6.2.1\spring-expression-6.2.1.jar;C:\Users\Mobiwin\.m2\repository\com\zaxxer\HikariCP\5.1.0\HikariCP-5.1.0.jar;C:\Users\Mobiwin\.m2\repository\org\springframework\spring-jdbc\6.2.1\spring-jdbc-6.2.1.jar;C:\Users\Mobiwin\.m2\repository\org\hibernate\orm\hibernate-core\6.6.4.Final\hibernate-core-6.6.4.Final.jar;C:\Users\Mobiwin\.m2\repository\jakarta\persistence\jakarta.persistence-api\3.1.0\jakarta.persistence-api-3.1.0.jar;C:\Users\Mobiwin\.m2\repository\jakarta\transaction\jakarta.transaction-api\2.0.1\jakarta.transaction-api-2.0.1.jar;C:\Users\Mobiwin\.m2\repository\org\jboss\logging\jboss-logging\3.6.1.Final\jboss-logging-3.6.1.Final.jar;C:\Users\Mobiwin\.m2\repository\org\hibernate\common\hibernate-commons-annotations\7.0.3.Final\hibernate-commons-annotations-7.0.3.Final.jar;C:\Users\Mobiwin\.m2\repository\io\smallrye\jandex\3.2.0\jandex-3.2.0.jar;C:\Users\Mobiwin\.m2\repository\com\fasterxml\classmate\1.7.0\classmate-1.7.0.jar;C:\Users\Mobiwin\.m2\repository\net\bytebuddy\byte-buddy\1.15.11\byte-buddy-1.15.11.jar;C:\Users\Mobiwin\.m2\repository\org\glassfish\jaxb\jaxb-runtime\4.0.5\jaxb-runtime-4.0.5.jar;C:\Users\Mobiwin\.m2\repository\org\glassfish\jaxb\jaxb-core\4.0.5\jaxb-core-4.0.5.jar;C:\Users\Mobiwin\.m2\repository\org\eclipse\angus\angus-activation\2.0.2\angus-activation-2.0.2.jar;C:\Users\Mobiwin\.m2\repository\org\glassfish\jaxb\txw2\4.0.5\txw2-4.0.5.jar;C:\Users\Mobiwin\.m2\repository\com\sun\istack\istack-commons-runtime\4.1.2\istack-commons-runtime-4.1.2.jar;C:\Users\Mobiwin\.m2\repository\jakarta\inject\jakarta.inject-api\2.0.1\jakarta.inject-api-2.0.1.jar;C:\Users\Mobiwin\.m2\repository\org\antlr\antlr4-runtime\4.13.0\antlr4-runtime-4.13.0.jar;C:\Users\Mobiwin\.m2\repository\org\springframework\data\spring-data-jpa\3.4.1\spring-data-jpa-3.4.1.jar;C:\Users\Mobiwin\.m2\repository\org\springframework\data\spring-data-commons\3.4.1\spring-data-commons-3.4.1.jar;C:\Users\Mobiwin\.m2\repository\org\springframework\spring-orm\6.2.1\spring-orm-6.2.1.jar;C:\Users\Mobiwin\.m2\repository\org\springframework\spring-tx\6.2.1\spring-tx-6.2.1.jar;C:\Users\Mobiwin\.m2\repository\org\slf4j\slf4j-api\2.0.16\slf4j-api-2.0.16.jar;C:\Users\Mobiwin\.m2\repository\org\springframework\spring-aspects\6.2.1\spring-aspects-6.2.1.jar;C:\Users\Mobiwin\.m2\repository\org\aspectj\aspectjweaver\1.9.22.1\aspectjweaver-1.9.22.1.jar;C:\Users\Mobiwin\.m2\repository\com\mysql\mysql-connector-j\9.1.0\mysql-connector-j-9.1.0.jar;C:\Users\Mobiwin\.m2\repository\org\springframework\spring-aop\6.2.1\spring-aop-6.2.1.jar;C:\Users\Mobiwin\.m2\repository\org\springframework\security\spring-security-config\6.4.2\spring-security-config-6.4.2.jar;C:\Users\Mobiwin\.m2\repository\org\springframework\security\spring-security-core\6.4.2\spring-security-core-6.4.2.jar;C:\Users\Mobiwin\.m2\repository\org\springframework\security\spring-security-crypto\6.4.2\spring-security-crypto-6.4.2.jar;C:\Users\Mobiwin\.m2\repository\org\springframework\security\spring-security-web\6.4.2\spring-security-web-6.4.2.jar;C:\Users\Mobiwin\.m2\repository\jakarta\xml\bind\jakarta.xml.bind-api\4.0.2\jakarta.xml.bind-api-4.0.2.jar;C:\Users\Mobiwin\.m2\repository\jakarta\activation\jakarta.activation-api\2.1.3\jakarta.activation-api-2.1.3.jar;C:\Users\Mobiwin\.m2\repository\org\springframework\spring-core\6.2.1\spring-core-6.2.1.jar;C:\Users\Mobiwin\.m2\repository\org\springframework\spring-jcl\6.2.1\spring-jcl-6.2.1.jar
Launcher Type: SUN_STANDARD

[Global flags]
     intx CICompilerCount                          = 4                                         {product} {ergonomic}
     uint ConcGCThreads                            = 2                                         {product} {ergonomic}
     uint G1ConcRefinementThreads                  = 8                                         {product} {ergonomic}
   size_t G1HeapRegionSize                         = 1048576                                   {product} {ergonomic}
    uintx GCDrainStackTargetSize                   = 64                                        {product} {ergonomic}
   size_t InitialHeapSize                          = 132120576                                 {product} {ergonomic}
   size_t MarkStackSize                            = 4194304                                   {product} {ergonomic}
   size_t MaxHeapSize                              = 2109734912                                {product} {ergonomic}
   size_t MaxNewSize                               = 1265631232                                {product} {ergonomic}
   size_t MinHeapDeltaBytes                        = 1048576                                   {product} {ergonomic}
   size_t MinHeapSize                              = 8388608                                   {product} {ergonomic}
    uintx NonNMethodCodeHeapSize                   = 4096                                   {pd product} {ergonomic}
    uintx NonProfiledCodeHeapSize                  = 0                                      {pd product} {ergonomic}
     bool ProfileInterpreter                       = false                                  {pd product} {command line}
    uintx ProfiledCodeHeapSize                     = 0                                      {pd product} {ergonomic}
   size_t SoftMaxHeapSize                          = 2109734912                             {manageable} {ergonomic}
     intx TieredStopAtLevel                        = 1                                         {product} {command line}
     bool UseCompressedOops                        = true                           {product lp64_product} {ergonomic}
     bool UseG1GC                                  = true                                      {product} {ergonomic}
     bool UseLargePagesIndividualAllocation        = false                                  {pd product} {ergonomic}

Logging:
Log output configuration:
 #0: stdout all=warning uptime,level,tags foldmultilines=false
 #1: stderr all=off uptime,level,tags foldmultilines=false

Environment Variables:
JAVA_HOME=D:\android\jdk-21
PATH=C:\Program Files (x86)\Common Files\Oracle\Java\javapath;D:\Program Files\python\Scripts\;D:\Program Files\python\;C:\Windows\system32;C:\Windows;C:\Windows\System32\Wbem;C:\Windows\System32\WindowsPowerShell\v1.0\;C:\Windows\System32\OpenSSH\;C:\Program Files (x86)\NVIDIA Corporation\PhysX\Common;C:\WINDOWS\system32;C:\WINDOWS;C:\WINDOWS\System32\Wbem;C:\WINDOWS\System32\WindowsPowerShell\v1.0\;C:\WINDOWS\System32\OpenSSH\;C:\Program Files\Intel\WiFi\bin\;C:\Program Files\Common Files\Intel\WirelessCommon\;C:\Users\Mobiwin\AppData\Local\Android\Sdk\platform-tools;C:\Program Files (x86)\Yarn\bin\;C:\Users\Mobiwin\AppData\Roaming\Microsoft\Windows\Start Menu\Programs\Python 3.9;C:\Program Files\apache-maven-3.6.3\bin;C:\Program Files (x86)\Tesseract-OCR;C:\Program Files\PuTTY\;C:\Program Files\MATLAB\MATLAB Runtime\v911\runtime\win64;"%;JAVA_HOME%\jre\lib\ext\mysql-connector-java-8.0.28.jar";C:\Program Files\nodejs\;C:\Program Files\NVIDIA Corporation\NVIDIA NvDLISR;D:\android\jdk-21\bin;C:\Program Files\MySQL\MySQL Utilities 1.6\;D:\android\gradle-8.3\bin;C:\wamp64\bin\php\php8.1.13;C:\ProgramData\ComposerSetup\bin;D:\Program Files\Git\cmd;C:\Program Files\Cloudflare\Cloudflare WARP\;C:\Program Files\MySQL\MySQL Shell 8.0\bin\;D:\Android\tools\bin;D:\Android\flutter\bin;C:\Users\Mobiwin\AppData\Local\Programs\Microsoft VS Code\bin;C:\Users\Mobiwin\AppData\Roaming\npm;C:\Users\Mobiwin\AppData\Roaming\Microsoft\Windows\Start Menu\Programs\Python 3.9;C:\Users\Mobiwin\AppData\Roaming\Microsoft\Windows\Start Menu\Programs\Python 3.9\scripts;C:\Users\Mobiwin\AppData\Roaming\Composer\vendor\bin
USERNAME=Mobiwin
LANG=en_US.UTF-8
OS=Windows_NT
PROCESSOR_IDENTIFIER=Intel64 Family 6 Model 142 Stepping 11, GenuineIntel
TMP=C:\Users\Mobiwin\AppData\Local\Temp
TEMP=C:\Users\Mobiwin\AppData\Local\Temp




---------------  S Y S T E M  ---------------

OS:
 Windows 10 , 64 bit Build 19041 (10.0.19041.5198)
OS uptime: 0 days 9:44 hours

CPU: total 8 (initial active 8) (4 cores per cpu, 2 threads per core) family 6 model 142 stepping 11 microcode 0xb8, cx8, cmov, fxsr, ht, mmx, 3dnowpref, sse, sse2, sse3, ssse3, sse4.1, sse4.2, popcnt, lzcnt, tsc, tscinvbit, avx, avx2, aes, erms, clmul, bmi1, bmi2, adx, fma, vzeroupper, clflush, clflushopt, rdtscp, f16c
Processor Information for all 8 processors :
  Max Mhz: 1800, Current Mhz: 1600, Mhz Limit: 1584

Memory: 4k page, system-wide physical 8043M (396M free)
TotalPageFile size 24012M (AvailPageFile size 3706M)
current process WorkingSet (physical memory assigned to process): 34M, peak: 200M
current process commit charge ("private bytes"): 248M, peak: 248M

vm_info: OpenJDK 64-Bit Server VM (21+35-2513) for windows-amd64 JRE (21+35-2513), built on 2023-08-09T20:25:10Z by "mach5one" with MS VC++ 17.1 (VS2022)

END.
